语法

    0 $accept: lines $end

    1 lines: lines expr EOL
    2      | lines EOL
    3      | %empty

    4 expr: expr ADD expr
    5     | expr SUB expr
    6     | expr MAL expr
    7     | expr DIV expr
    8     | expr AND expr
    9     | expr OR expr
   10     | NOT expr
   11     | OP expr CP
   12     | SUB expr
   13     | NUMBER


Terminals, with rules where they appear

$end (0) 0
error (256)
ADD (258) 4
SUB (259) 5 12
MAL (260) 6
DIV (261) 7
AND (262) 8
OR (263) 9
NOT (264) 10
OP (265) 11
CP (266) 11
NUMBER (267) 13
EOL (268) 1 2
UNIMUS (269)


Nonterminals, with rules where they appear

$accept (15)
    左： 0
lines (16)
    左： 1 2 3, 右： 0 1 2
expr (17)
    左： 4 5 6 7 8 9 10 11 12 13, 右： 1 4 5 6 7 8 9 10 11 12


State 0

    0 $accept: . lines $end

    $default  reduce using rule 3 (lines)

    lines  转到状态 1


State 1

    0 $accept: lines . $end
    1 lines: lines . expr EOL
    2      | lines . EOL

    $end    shift, and go to state 2
    SUB     shift, and go to state 3
    NOT     shift, and go to state 4
    OP      shift, and go to state 5
    NUMBER  shift, and go to state 6
    EOL     shift, and go to state 7

    expr  转到状态 8


State 2

    0 $accept: lines $end .

    $default  接受


State 3

   12 expr: SUB . expr

    SUB     shift, and go to state 3
    NOT     shift, and go to state 4
    OP      shift, and go to state 5
    NUMBER  shift, and go to state 6

    expr  转到状态 9


State 4

   10 expr: NOT . expr

    SUB     shift, and go to state 3
    NOT     shift, and go to state 4
    OP      shift, and go to state 5
    NUMBER  shift, and go to state 6

    expr  转到状态 10


State 5

   11 expr: OP . expr CP

    SUB     shift, and go to state 3
    NOT     shift, and go to state 4
    OP      shift, and go to state 5
    NUMBER  shift, and go to state 6

    expr  转到状态 11


State 6

   13 expr: NUMBER .

    $default  reduce using rule 13 (expr)


State 7

    2 lines: lines EOL .

    $default  reduce using rule 2 (lines)


State 8

    1 lines: lines expr . EOL
    4 expr: expr . ADD expr
    5     | expr . SUB expr
    6     | expr . MAL expr
    7     | expr . DIV expr
    8     | expr . AND expr
    9     | expr . OR expr

    ADD  shift, and go to state 12
    SUB  shift, and go to state 13
    MAL  shift, and go to state 14
    DIV  shift, and go to state 15
    AND  shift, and go to state 16
    OR   shift, and go to state 17
    EOL  shift, and go to state 18


State 9

    4 expr: expr . ADD expr
    5     | expr . SUB expr
    6     | expr . MAL expr
    7     | expr . DIV expr
    8     | expr . AND expr
    9     | expr . OR expr
   12     | SUB expr .

    AND  shift, and go to state 16
    OR   shift, and go to state 17

    $default  reduce using rule 12 (expr)


State 10

    4 expr: expr . ADD expr
    5     | expr . SUB expr
    6     | expr . MAL expr
    7     | expr . DIV expr
    8     | expr . AND expr
    9     | expr . OR expr
   10     | NOT expr .

    AND  shift, and go to state 16
    OR   shift, and go to state 17

    $default  reduce using rule 10 (expr)


State 11

    4 expr: expr . ADD expr
    5     | expr . SUB expr
    6     | expr . MAL expr
    7     | expr . DIV expr
    8     | expr . AND expr
    9     | expr . OR expr
   11     | OP expr . CP

    ADD  shift, and go to state 12
    SUB  shift, and go to state 13
    MAL  shift, and go to state 14
    DIV  shift, and go to state 15
    AND  shift, and go to state 16
    OR   shift, and go to state 17
    CP   shift, and go to state 19


State 12

    4 expr: expr ADD . expr

    SUB     shift, and go to state 3
    NOT     shift, and go to state 4
    OP      shift, and go to state 5
    NUMBER  shift, and go to state 6

    expr  转到状态 20


State 13

    5 expr: expr SUB . expr

    SUB     shift, and go to state 3
    NOT     shift, and go to state 4
    OP      shift, and go to state 5
    NUMBER  shift, and go to state 6

    expr  转到状态 21


State 14

    6 expr: expr MAL . expr

    SUB     shift, and go to state 3
    NOT     shift, and go to state 4
    OP      shift, and go to state 5
    NUMBER  shift, and go to state 6

    expr  转到状态 22


State 15

    7 expr: expr DIV . expr

    SUB     shift, and go to state 3
    NOT     shift, and go to state 4
    OP      shift, and go to state 5
    NUMBER  shift, and go to state 6

    expr  转到状态 23


State 16

    8 expr: expr AND . expr

    SUB     shift, and go to state 3
    NOT     shift, and go to state 4
    OP      shift, and go to state 5
    NUMBER  shift, and go to state 6

    expr  转到状态 24


State 17

    9 expr: expr OR . expr

    SUB     shift, and go to state 3
    NOT     shift, and go to state 4
    OP      shift, and go to state 5
    NUMBER  shift, and go to state 6

    expr  转到状态 25


State 18

    1 lines: lines expr EOL .

    $default  reduce using rule 1 (lines)


State 19

   11 expr: OP expr CP .

    $default  reduce using rule 11 (expr)


State 20

    4 expr: expr . ADD expr
    4     | expr ADD expr .
    5     | expr . SUB expr
    6     | expr . MAL expr
    7     | expr . DIV expr
    8     | expr . AND expr
    9     | expr . OR expr

    MAL  shift, and go to state 14
    DIV  shift, and go to state 15
    AND  shift, and go to state 16
    OR   shift, and go to state 17

    $default  reduce using rule 4 (expr)


State 21

    4 expr: expr . ADD expr
    5     | expr . SUB expr
    5     | expr SUB expr .
    6     | expr . MAL expr
    7     | expr . DIV expr
    8     | expr . AND expr
    9     | expr . OR expr

    MAL  shift, and go to state 14
    DIV  shift, and go to state 15
    AND  shift, and go to state 16
    OR   shift, and go to state 17

    $default  reduce using rule 5 (expr)


State 22

    4 expr: expr . ADD expr
    5     | expr . SUB expr
    6     | expr . MAL expr
    6     | expr MAL expr .
    7     | expr . DIV expr
    8     | expr . AND expr
    9     | expr . OR expr

    AND  shift, and go to state 16
    OR   shift, and go to state 17

    $default  reduce using rule 6 (expr)


State 23

    4 expr: expr . ADD expr
    5     | expr . SUB expr
    6     | expr . MAL expr
    7     | expr . DIV expr
    7     | expr DIV expr .
    8     | expr . AND expr
    9     | expr . OR expr

    AND  shift, and go to state 16
    OR   shift, and go to state 17

    $default  reduce using rule 7 (expr)


State 24

    4 expr: expr . ADD expr
    5     | expr . SUB expr
    6     | expr . MAL expr
    7     | expr . DIV expr
    8     | expr . AND expr
    8     | expr AND expr .
    9     | expr . OR expr

    AND  shift, and go to state 16
    OR   shift, and go to state 17

    $default  reduce using rule 8 (expr)


State 25

    4 expr: expr . ADD expr
    5     | expr . SUB expr
    6     | expr . MAL expr
    7     | expr . DIV expr
    8     | expr . AND expr
    9     | expr . OR expr
    9     | expr OR expr .

    AND  shift, and go to state 16
    OR   shift, and go to state 17

    $default  reduce using rule 9 (expr)
